<!doctype html>
<html lang="en"><head><meta charSet="utf-8"/><meta http-equiv="X-UA-Compatible" content="IE=edge"/><meta name="viewport" content="width=device-width, initial-scale=1"/><title>Mochawesome Report</title><link rel="stylesheet" href="assets\app.css"/></head><body data-raw="{&quot;stats&quot;:{&quot;suites&quot;:1,&quot;tests&quot;:9,&quot;passes&quot;:0,&quot;pending&quot;:0,&quot;failures&quot;:9,&quot;start&quot;:&quot;2022-01-06T05:03:52.913Z&quot;,&quot;end&quot;:&quot;2022-01-06T05:04:35.174Z&quot;,&quot;duration&quot;:42261,&quot;testsRegistered&quot;:9,&quot;passPercent&quot;:0,&quot;pendingPercent&quot;:0,&quot;other&quot;:0,&quot;hasOther&quot;:false,&quot;skipped&quot;:0,&quot;hasSkipped&quot;:false},&quot;results&quot;:[{&quot;uuid&quot;:&quot;be08f5c0-7f9b-4414-af47-450355f7a787&quot;,&quot;title&quot;:&quot;&quot;,&quot;fullFile&quot;:&quot;cypress/integration/testcases/testcase_01.spec.js&quot;,&quot;file&quot;:&quot;cypress/integration/testcases/testcase_01.spec.js&quot;,&quot;beforeHooks&quot;:[],&quot;afterHooks&quot;:[],&quot;tests&quot;:[],&quot;suites&quot;:[{&quot;uuid&quot;:&quot;e97c0cfc-d097-4594-9fcc-43c707f4b47b&quot;,&quot;title&quot;:&quot;Check the Page Navigation&quot;,&quot;fullFile&quot;:&quot;&quot;,&quot;file&quot;:&quot;&quot;,&quot;beforeHooks&quot;:[],&quot;afterHooks&quot;:[],&quot;tests&quot;:[{&quot;title&quot;:&quot;Verify Page title&quot;,&quot;fullTitle&quot;:&quot;Check the Page Navigation Verify Page title&quot;,&quot;duration&quot;:7376,&quot;state&quot;:&quot;failed&quot;,&quot;pass&quot;:false,&quot;fail&quot;:true,&quot;pending&quot;:false,&quot;code&quot;:&quot;hp.getPageTitle().should(&#x27;contains&#x27;, &#x27;QA&#x27;);&quot;,&quot;err&quot;:{&quot;message&quot;:&quot;AssertionError: Timed out retrying after 4000ms: expected &#x27;Most Reliable App &amp; Cross Browser Testing Platform | BrowserStack&#x27; to include &#x27;QA&#x27;&quot;,&quot;estack&quot;:&quot;AssertionError: Timed out retrying after 4000ms: expected &#x27;Most Reliable App &amp; Cross Browser Testing Platform | BrowserStack&#x27; to include &#x27;QA&#x27;\n    at Context.eval (https://www.browserstack.com/__cypress/tests?p=cypress\\integration\\testcases\\testcase_01.spec.js:206:23)&quot;},&quot;uuid&quot;:&quot;58f26cdd-ae77-46fa-afa6-01d454101b2e&quot;,&quot;parentUUID&quot;:&quot;e97c0cfc-d097-4594-9fcc-43c707f4b47b&quot;,&quot;isHook&quot;:false,&quot;skipped&quot;:false},{&quot;title&quot;:&quot;visits to  the \&quot;ABOUT\&quot; page&quot;,&quot;fullTitle&quot;:&quot;Check the Page Navigation visits to  the \&quot;ABOUT\&quot; page&quot;,&quot;duration&quot;:4415,&quot;state&quot;:&quot;failed&quot;,&quot;pass&quot;:false,&quot;fail&quot;:true,&quot;pending&quot;:false,&quot;code&quot;:&quot;hp.navigateToAboutPage();&quot;,&quot;err&quot;:{&quot;message&quot;:&quot;AssertionError: Timed out retrying after 4000ms: Expected to find element: `.toggle-icon-open`, but never found it.&quot;,&quot;estack&quot;:&quot;AssertionError: Timed out retrying after 4000ms: Expected to find element: `.toggle-icon-open`, but never found it.\n    at homePage.navigateToAboutPage (https://www.browserstack.com/__cypress/tests?p=cypress\\integration\\testcases\\testcase_01.spec.js:135:8)\n    at Context.eval (https://www.browserstack.com/__cypress/tests?p=cypress\\integration\\testcases\\testcase_01.spec.js:209:8)&quot;},&quot;uuid&quot;:&quot;cb1cedda-f9db-4ff0-886f-dae7976e0935&quot;,&quot;parentUUID&quot;:&quot;e97c0cfc-d097-4594-9fcc-43c707f4b47b&quot;,&quot;isHook&quot;:false,&quot;skipped&quot;:false},{&quot;title&quot;:&quot;checks if \&quot;About QA InfoTech\&quot; is present on that page&quot;,&quot;fullTitle&quot;:&quot;Check the Page Navigation checks if \&quot;About QA InfoTech\&quot; is present on that page&quot;,&quot;duration&quot;:4317,&quot;state&quot;:&quot;failed&quot;,&quot;pass&quot;:false,&quot;fail&quot;:true,&quot;pending&quot;:false,&quot;code&quot;:&quot;hp.checkContent().contains(&#x27;About QA InfoTech&#x27;);&quot;,&quot;err&quot;:{&quot;message&quot;:&quot;AssertionError: Timed out retrying after 4000ms: Expected to find element: `.elementor-element-c23669e`, but never found it.&quot;,&quot;estack&quot;:&quot;AssertionError: Timed out retrying after 4000ms: Expected to find element: `.elementor-element-c23669e`, but never found it.\n    at homePage.checkContent (https://www.browserstack.com/__cypress/tests?p=cypress\\integration\\testcases\\testcase_01.spec.js:141:15)\n    at Context.eval (https://www.browserstack.com/__cypress/tests?p=cypress\\integration\\testcases\\testcase_01.spec.js:212:8)&quot;},&quot;uuid&quot;:&quot;358ca3e5-0ab1-4f9b-b765-86a549f50847&quot;,&quot;parentUUID&quot;:&quot;e97c0cfc-d097-4594-9fcc-43c707f4b47b&quot;,&quot;isHook&quot;:false,&quot;skipped&quot;:false},{&quot;title&quot;:&quot;visits to \&quot;SERVICES\&quot; page&quot;,&quot;fullTitle&quot;:&quot;Check the Page Navigation visits to \&quot;SERVICES\&quot; page&quot;,&quot;duration&quot;:4309,&quot;state&quot;:&quot;failed&quot;,&quot;pass&quot;:false,&quot;fail&quot;:true,&quot;pending&quot;:false,&quot;code&quot;:&quot;hp.navigatetoServicesPage();&quot;,&quot;err&quot;:{&quot;message&quot;:&quot;AssertionError: Timed out retrying after 4000ms: Expected to find element: `.toggle-icon-open`, but never found it.&quot;,&quot;estack&quot;:&quot;AssertionError: Timed out retrying after 4000ms: Expected to find element: `.toggle-icon-open`, but never found it.\n    at homePage.navigatetoServicesPage (https://www.browserstack.com/__cypress/tests?p=cypress\\integration\\testcases\\testcase_01.spec.js:145:8)\n    at Context.eval (https://www.browserstack.com/__cypress/tests?p=cypress\\integration\\testcases\\testcase_01.spec.js:215:8)&quot;},&quot;uuid&quot;:&quot;8584bda8-fe93-4b21-88e4-0cc4621849f4&quot;,&quot;parentUUID&quot;:&quot;e97c0cfc-d097-4594-9fcc-43c707f4b47b&quot;,&quot;isHook&quot;:false,&quot;skipped&quot;:false},{&quot;title&quot;:&quot;checks if \&quot;Functional Testing Services Overview\&quot; is present on that page&quot;,&quot;fullTitle&quot;:&quot;Check the Page Navigation checks if \&quot;Functional Testing Services Overview\&quot; is present on that page&quot;,&quot;duration&quot;:4356,&quot;state&quot;:&quot;failed&quot;,&quot;pass&quot;:false,&quot;fail&quot;:true,&quot;pending&quot;:false,&quot;code&quot;:&quot;hp.verifyTheContent().contains(&#x27;Functional Testing Services Overview&#x27;);&quot;,&quot;err&quot;:{&quot;message&quot;:&quot;AssertionError: Timed out retrying after 4000ms: Expected to find element: `.elementor-element-c2a9c64`, but never found it.&quot;,&quot;estack&quot;:&quot;AssertionError: Timed out retrying after 4000ms: Expected to find element: `.elementor-element-c2a9c64`, but never found it.\n    at homePage.verifyTheContent (https://www.browserstack.com/__cypress/tests?p=cypress\\integration\\testcases\\testcase_01.spec.js:151:15)\n    at Context.eval (https://www.browserstack.com/__cypress/tests?p=cypress\\integration\\testcases\\testcase_01.spec.js:218:8)&quot;},&quot;uuid&quot;:&quot;ac45d01f-d559-4ab2-93e1-620910502d3d&quot;,&quot;parentUUID&quot;:&quot;e97c0cfc-d097-4594-9fcc-43c707f4b47b&quot;,&quot;isHook&quot;:false,&quot;skipped&quot;:false},{&quot;title&quot;:&quot;visits to \&quot;SERVICES\&quot; page&quot;,&quot;fullTitle&quot;:&quot;Check the Page Navigation visits to \&quot;SERVICES\&quot; page&quot;,&quot;duration&quot;:4274,&quot;state&quot;:&quot;failed&quot;,&quot;pass&quot;:false,&quot;fail&quot;:true,&quot;pending&quot;:false,&quot;code&quot;:&quot;hp.navigateToQuotePage();&quot;,&quot;err&quot;:{&quot;message&quot;:&quot;AssertionError: Timed out retrying after 4000ms: Expected to find element: `.toggle-icon-open`, but never found it.&quot;,&quot;estack&quot;:&quot;AssertionError: Timed out retrying after 4000ms: Expected to find element: `.toggle-icon-open`, but never found it.\n    at homePage.navigateToQuotePage (https://www.browserstack.com/__cypress/tests?p=cypress\\integration\\testcases\\testcase_01.spec.js:155:8)\n    at Context.eval (https://www.browserstack.com/__cypress/tests?p=cypress\\integration\\testcases\\testcase_01.spec.js:221:8)&quot;},&quot;uuid&quot;:&quot;070dd544-2001-45ee-84ac-141d30d0041e&quot;,&quot;parentUUID&quot;:&quot;e97c0cfc-d097-4594-9fcc-43c707f4b47b&quot;,&quot;isHook&quot;:false,&quot;skipped&quot;:false},{&quot;title&quot;:&quot;Gets the input field and inputs text&quot;,&quot;fullTitle&quot;:&quot;Check the Page Navigation Gets the input field and inputs text&quot;,&quot;duration&quot;:4240,&quot;state&quot;:&quot;failed&quot;,&quot;pass&quot;:false,&quot;fail&quot;:true,&quot;pending&quot;:false,&quot;code&quot;:&quot;hp.entersTheName(data.firstName, data.lastName);&quot;,&quot;err&quot;:{&quot;message&quot;:&quot;AssertionError: Timed out retrying after 4000ms: Expected to find element: `#firstname-d5e258ac-06ed-4614-926f-d4dbd48a3046`, but never found it.&quot;,&quot;estack&quot;:&quot;AssertionError: Timed out retrying after 4000ms: Expected to find element: `#firstname-d5e258ac-06ed-4614-926f-d4dbd48a3046`, but never found it.\n    at homePage.entersTheName (https://www.browserstack.com/__cypress/tests?p=cypress\\integration\\testcases\\testcase_01.spec.js:160:8)\n    at Context.eval (https://www.browserstack.com/__cypress/tests?p=cypress\\integration\\testcases\\testcase_01.spec.js:224:8)&quot;},&quot;uuid&quot;:&quot;58a0fb57-2c41-45a9-9e01-4ff2e485d7c9&quot;,&quot;parentUUID&quot;:&quot;e97c0cfc-d097-4594-9fcc-43c707f4b47b&quot;,&quot;isHook&quot;:false,&quot;skipped&quot;:false},{&quot;title&quot;:&quot;Select the location from drop down list&quot;,&quot;fullTitle&quot;:&quot;Check the Page Navigation Select the location from drop down list&quot;,&quot;duration&quot;:4347,&quot;state&quot;:&quot;failed&quot;,&quot;pass&quot;:false,&quot;fail&quot;:true,&quot;pending&quot;:false,&quot;code&quot;:&quot;hp.selectFromDropDownList(data.location);&quot;,&quot;err&quot;:{&quot;message&quot;:&quot;AssertionError: Timed out retrying after 4000ms: Expected to find element: `#location-d5e258ac-06ed-4614-926f-d4dbd48a3046`, but never found it.&quot;,&quot;estack&quot;:&quot;AssertionError: Timed out retrying after 4000ms: Expected to find element: `#location-d5e258ac-06ed-4614-926f-d4dbd48a3046`, but never found it.\n    at homePage.selectFromDropDownList (https://www.browserstack.com/__cypress/tests?p=cypress\\integration\\testcases\\testcase_01.spec.js:165:8)\n    at Context.eval (https://www.browserstack.com/__cypress/tests?p=cypress\\integration\\testcases\\testcase_01.spec.js:227:8)&quot;},&quot;uuid&quot;:&quot;bca79291-51d1-4942-ade9-039b11dc4d08&quot;,&quot;parentUUID&quot;:&quot;e97c0cfc-d097-4594-9fcc-43c707f4b47b&quot;,&quot;isHook&quot;:false,&quot;skipped&quot;:false},{&quot;title&quot;:&quot;checks if \&quot;Request For Quote\&quot; is present on that page&quot;,&quot;fullTitle&quot;:&quot;Check the Page Navigation checks if \&quot;Request For Quote\&quot; is present on that page&quot;,&quot;duration&quot;:4314,&quot;state&quot;:&quot;failed&quot;,&quot;pass&quot;:false,&quot;fail&quot;:true,&quot;pending&quot;:false,&quot;code&quot;:&quot;hp.checkThecontent().contains(&#x27;Request For Quote&#x27;);&quot;,&quot;err&quot;:{&quot;message&quot;:&quot;AssertionError: Timed out retrying after 4000ms: Expected to find element: `.elementor-element-31e5ec5 &gt; .elementor-column-wrap`, but never found it.&quot;,&quot;estack&quot;:&quot;AssertionError: Timed out retrying after 4000ms: Expected to find element: `.elementor-element-31e5ec5 &gt; .elementor-column-wrap`, but never found it.\n    at homePage.checkThecontent (https://www.browserstack.com/__cypress/tests?p=cypress\\integration\\testcases\\testcase_01.spec.js:169:15)\n    at Context.eval (https://www.browserstack.com/__cypress/tests?p=cypress\\integration\\testcases\\testcase_01.spec.js:230:8)&quot;},&quot;uuid&quot;:&quot;ca2dac61-a3ad-4c94-815d-e37266dae448&quot;,&quot;parentUUID&quot;:&quot;e97c0cfc-d097-4594-9fcc-43c707f4b47b&quot;,&quot;isHook&quot;:false,&quot;skipped&quot;:false}],&quot;suites&quot;:[],&quot;passes&quot;:[],&quot;failures&quot;:[&quot;58f26cdd-ae77-46fa-afa6-01d454101b2e&quot;,&quot;cb1cedda-f9db-4ff0-886f-dae7976e0935&quot;,&quot;358ca3e5-0ab1-4f9b-b765-86a549f50847&quot;,&quot;8584bda8-fe93-4b21-88e4-0cc4621849f4&quot;,&quot;ac45d01f-d559-4ab2-93e1-620910502d3d&quot;,&quot;070dd544-2001-45ee-84ac-141d30d0041e&quot;,&quot;58a0fb57-2c41-45a9-9e01-4ff2e485d7c9&quot;,&quot;bca79291-51d1-4942-ade9-039b11dc4d08&quot;,&quot;ca2dac61-a3ad-4c94-815d-e37266dae448&quot;],&quot;pending&quot;:[],&quot;skipped&quot;:[],&quot;duration&quot;:41948,&quot;root&quot;:false,&quot;rootEmpty&quot;:false,&quot;_timeout&quot;:2000}],&quot;passes&quot;:[],&quot;failures&quot;:[],&quot;pending&quot;:[],&quot;skipped&quot;:[],&quot;duration&quot;:0,&quot;root&quot;:true,&quot;rootEmpty&quot;:true,&quot;_timeout&quot;:2000}],&quot;meta&quot;:{&quot;mocha&quot;:{&quot;version&quot;:&quot;7.0.1&quot;},&quot;mochawesome&quot;:{&quot;options&quot;:{&quot;quiet&quot;:false,&quot;reportFilename&quot;:&quot;mochawesome&quot;,&quot;saveHtml&quot;:true,&quot;saveJson&quot;:true,&quot;consoleReporter&quot;:&quot;spec&quot;,&quot;useInlineDiffs&quot;:false,&quot;code&quot;:true},&quot;version&quot;:&quot;7.0.1&quot;},&quot;marge&quot;:{&quot;options&quot;:{&quot;reportDir&quot;:&quot;cypress/reports&quot;,&quot;reportFileName&quot;:&quot;testResult&quot;,&quot;overwrite&quot;:&quot;false&quot;,&quot;html&quot;:&quot;true&quot;,&quot;json&quot;:&quot;true&quot;,&quot;charts&quot;:&quot;true&quot;},&quot;version&quot;:&quot;6.0.1&quot;}}}" data-config="{&quot;reportFilename&quot;:&quot;mochawesome&quot;,&quot;reportDir&quot;:&quot;cypress/reports&quot;,&quot;reportTitle&quot;:&quot;CypressLearning&quot;,&quot;reportPageTitle&quot;:&quot;Mochawesome Report&quot;,&quot;inline&quot;:false,&quot;inlineAssets&quot;:false,&quot;cdn&quot;:false,&quot;charts&quot;:true,&quot;enableCharts&quot;:true,&quot;code&quot;:true,&quot;enableCode&quot;:true,&quot;autoOpen&quot;:false,&quot;overwrite&quot;:false,&quot;timestamp&quot;:false,&quot;ts&quot;:false,&quot;showPassed&quot;:true,&quot;showFailed&quot;:true,&quot;showPending&quot;:true,&quot;showSkipped&quot;:false,&quot;showHooks&quot;:&quot;failed&quot;,&quot;saveJson&quot;:true,&quot;saveHtml&quot;:true,&quot;dev&quot;:false,&quot;assetsDir&quot;:&quot;cypress\\reports\\assets&quot;,&quot;jsonFile&quot;:&quot;C:\\Users\\Khyati.rani\\Desktop\\CypressLearning\\cypress\\reports\\mochawesome.json&quot;,&quot;htmlFile&quot;:&quot;C:\\Users\\Khyati.rani\\Desktop\\CypressLearning\\cypress\\reports\\mochawesome.html&quot;}"><div id="report"></div><script src="assets\app.js"></script></body></html>